*** Starting uWSGI 2.0.22 (64bit) on [Sat Nov 25 09:39:52 2023] ***
compiled with version: 13.2.1 20230730 on 01 August 2023 23:39:57
os: Linux-6.1.55-1-MANJARO #1 SMP PREEMPT_DYNAMIC Sat Sep 23 12:13:56 UTC 2023
nodename: yzy
machine: x86_64
clock source: unix
pcre jit disabled
detected number of CPU cores: 4
current working directory: /home/duck/Project_Django/cs/deploy
writing pidfile to /home/duck/Project_Django/cs/deploy/uwsgi.pid
detected binary path: /usr/bin/uwsgi
chdir() to /home/duck/Project_Django/cs/
your processes number limit is 44534
your memory page size is 4096 bytes
detected max file descriptor number: 1024
lock engine: pthread robust mutexes
thunder lock: disabled (you can enable it with --thunder-lock)
*** RRDtool library available at 0x5555e7d134f0 ***
uWSGI http bound on 127.0.0.1:8001 fd 3
uwsgi socket 0 bound to TCP address 127.0.0.1:8000 fd 6
your server socket listen backlog is limited to 100 connections
your mercy for graceful operations on workers is 60 seconds
mapped 2256864 bytes (2203 KB) for 150 cores
*** Operational MODE: preforking+threaded ***
*** no app loaded. going in full dynamic mode ***
*** uWSGI is running in multiple interpreter mode ***
spawned uWSGI master process (pid: 19109)
spawned uWSGI worker 1 (pid: 19113, cores: 30)
spawned uWSGI worker 2 (pid: 19129, cores: 30)
spawned uWSGI worker 3 (pid: 19152, cores: 30)
spawned uWSGI worker 4 (pid: 19162, cores: 30)
spawned uWSGI worker 5 (pid: 19175, cores: 30)
spawned uWSGI http 1 (pid: 19231)
-- unavailable modifier requested: 0 --
-- unavailable modifier requested: 0 --
-- unavailable modifier requested: 0 --
-- unavailable modifier requested: 0 --
-- unavailable modifier requested: 0 --
-- unavailable modifier requested: 0 --
-- unavailable modifier requested: 0 --
-- unavailable modifier requested: 0 --
-- unavailable modifier requested: 0 --
-- unavailable modifier requested: 0 --
-- unavailable modifier requested: 0 --
-- unavailable modifier requested: 0 --
-- unavailable modifier requested: 0 --
-- unavailable modifier requested: 0 --
-- unavailable modifier requested: 0 --
-- unavailable modifier requested: 0 --
-- unavailable modifier requested: 0 --
-- unavailable modifier requested: 0 --
-- unavailable modifier requested: 0 --
-- unavailable modifier requested: 0 --
-- unavailable modifier requested: 0 --
SIGINT/SIGTERM received...killing workers...
gateway "uWSGI http 1" has been buried (pid: 19231)
worker 2 buried after 0 seconds
worker 4 buried after 0 seconds
worker 1 buried after 1 seconds
worker 3 buried after 1 seconds
worker 5 buried after 1 seconds
goodbye to uWSGI.
